<?xml version="1.0" encoding="UTF-8"?>
<testng-results ignored="0" total="1" passed="1" failed="0" skipped="0">
  <reporter-output>
  </reporter-output>
  <suite started-at="2024-09-11T09:58:48 IST" name="Default suite" finished-at="2024-09-11T09:58:58 IST" duration-ms="10551">
    <groups>
    </groups>
    <test started-at="2024-09-11T09:58:48 IST" name="Default test" finished-at="2024-09-11T09:58:58 IST" duration-ms="10551">
      <class name="testcases.regression.ValidateRegistration">
        <test-method is-config="true" signature="setUpProperties()[pri:0, instance:testcases.regression.ValidateRegistration@4dbb42b7]" started-at="2024-09-11T09:58:48 IST" name="setUpProperties" finished-at="2024-09-11T09:58:48 IST" duration-ms="13" status="PASS">
          <reporter-output>
          </reporter-output>
        </test-method> <!-- setUpProperties -->
        <test-method is-config="true" signature="setUp()[pri:0, instance:testcases.regression.ValidateRegistration@4dbb42b7]" started-at="2024-09-11T09:58:48 IST" name="setUp" finished-at="2024-09-11T09:58:53 IST" duration-ms="5645" status="PASS">
          <reporter-output>
          </reporter-output>
        </test-method> <!-- setUp -->
        <test-method signature="validateRegistrationTest()[pri:0, instance:testcases.regression.ValidateRegistration@4dbb42b7]" started-at="2024-09-11T09:58:53 IST" name="validateRegistrationTest" finished-at="2024-09-11T09:58:55 IST" duration-ms="1357" status="PASS">
          <reporter-output>
          </reporter-output>
        </test-method> <!-- validateRegistrationTest -->
        <test-method is-config="true" signature="teardown()[pri:0, instance:testcases.regression.ValidateRegistration@4dbb42b7]" started-at="2024-09-11T09:58:55 IST" name="teardown" finished-at="2024-09-11T09:58:58 IST" duration-ms="3472" status="PASS">
          <reporter-output>
          </reporter-output>
        </test-method> <!-- teardown -->
      </class> <!-- testcases.regression.ValidateRegistration -->
    </test> <!-- Default test -->
  </suite> <!-- Default suite -->
</testng-results>
